[WARN  Tue Apr 25 12:48:31 2023] ...hare/nvim/lazy/neo-tree.nvim/lua/neo-tree/setup/init.lua:643: Invalid default source found in configuration. Using first available source: filesystem
[WARN  Tue Apr 25 12:50:59 2023] ...hare/nvim/lazy/neo-tree.nvim/lua/neo-tree/setup/init.lua:643: Invalid default source found in configuration. Using first available source: filesystem
[WARN  Tue Apr 25 13:07:40 2023] ...hare/nvim/lazy/neo-tree.nvim/lua/neo-tree/setup/init.lua:643: Invalid default source found in configuration. Using first available source: filesystem
[ERROR Tue Apr 25 13:18:41 2023] ...re/nvim/lazy/neo-tree.nvim/lua/neo-tree/events/queue.lua:83: Error in event handler for event vim_win_enter[neo-tree-win-enter]: ...hare/nvim/lazy/neo-tree.nvim/lua/neo-tree/setup/init.lua:310: Vim(quit):E37: No write since last change
[ERROR Tue Apr 25 13:18:42 2023] ...re/nvim/lazy/neo-tree.nvim/lua/neo-tree/events/queue.lua:83: Error in event handler for event vim_win_enter[neo-tree-win-enter]: ...hare/nvim/lazy/neo-tree.nvim/lua/neo-tree/setup/init.lua:310: Vim(quit):E37: No write since last change
[ERROR Tue Apr 25 13:18:43 2023] ...re/nvim/lazy/neo-tree.nvim/lua/neo-tree/events/queue.lua:83: Error in event handler for event vim_win_enter[neo-tree-win-enter]: ...hare/nvim/lazy/neo-tree.nvim/lua/neo-tree/setup/init.lua:310: Vim(quit):E37: No write since last change
[ERROR Tue Apr 25 13:18:45 2023] ...re/nvim/lazy/neo-tree.nvim/lua/neo-tree/events/queue.lua:83: Error in event handler for event vim_win_enter[neo-tree-win-enter]: ...hare/nvim/lazy/neo-tree.nvim/lua/neo-tree/setup/init.lua:310: Vim(quit):E37: No write since last change
[ERROR Tue Apr 25 13:54:38 2023] ...re/nvim/lazy/neo-tree.nvim/lua/neo-tree/events/queue.lua:83: Error in event handler for event vim_win_enter[neo-tree-win-enter]: ...hare/nvim/lazy/neo-tree.nvim/lua/neo-tree/setup/init.lua:310: Vim(quit):E37: No write since last change
[ERROR Tue Apr 25 22:04:39 2023] ...re/nvim/lazy/neo-tree.nvim/lua/neo-tree/events/queue.lua:83: Error in event handler for event vim_win_enter[neo-tree-win-enter]: ...hare/nvim/lazy/neo-tree.nvim/lua/neo-tree/setup/init.lua:310: Vim(quit):E37: No write since last change
[ERROR Tue Apr 25 22:04:40 2023] ...re/nvim/lazy/neo-tree.nvim/lua/neo-tree/events/queue.lua:83: Error in event handler for event vim_win_enter[neo-tree-win-enter]: ...hare/nvim/lazy/neo-tree.nvim/lua/neo-tree/setup/init.lua:310: Vim(quit):E37: No write since last change
[ERROR Tue Apr 25 22:04:41 2023] ...re/nvim/lazy/neo-tree.nvim/lua/neo-tree/events/queue.lua:83: Error in event handler for event vim_win_enter[neo-tree-win-enter]: ...hare/nvim/lazy/neo-tree.nvim/lua/neo-tree/setup/init.lua:310: Vim(quit):E37: No write since last change
[WARN  Wed Apr 26 12:52:00 2023] ...are/nvim/lazy/neo-tree.nvim/lua/neo-tree/ui/renderer.lua:803: Invalid mapping for  O :  nil
[WARN  Wed Apr 26 12:52:00 2023] ...are/nvim/lazy/neo-tree.nvim/lua/neo-tree/ui/renderer.lua:803: Invalid mapping for  Y :  nil
[WARN  Wed Apr 26 12:52:00 2023] ...are/nvim/lazy/neo-tree.nvim/lua/neo-tree/ui/renderer.lua:803: Invalid mapping for  h :  nil
[WARN  Wed Apr 26 12:52:00 2023] ...are/nvim/lazy/neo-tree.nvim/lua/neo-tree/ui/renderer.lua:803: Invalid mapping for  l :  nil
[ERROR Wed Apr 26 12:53:09 2023] ...re/nvim/lazy/neo-tree.nvim/lua/neo-tree/events/queue.lua:83: Error in event handler for event vim_win_enter[neo-tree-win-enter]: ...hare/nvim/lazy/neo-tree.nvim/lua/neo-tree/setup/init.lua:310: Vim(quit):E37: No write since last change
[ERROR Wed Apr 26 12:53:11 2023] ...re/nvim/lazy/neo-tree.nvim/lua/neo-tree/events/queue.lua:83: Error in event handler for event vim_win_enter[neo-tree-win-enter]: ...hare/nvim/lazy/neo-tree.nvim/lua/neo-tree/setup/init.lua:310: Vim(quit):E37: No write since last change
[ERROR Fri Apr 28 11:26:00 2023] ...re/nvim/lazy/neo-tree.nvim/lua/neo-tree/events/queue.lua:83: Error in event handler for event vim_win_enter[neo-tree-win-enter]: ...hare/nvim/lazy/neo-tree.nvim/lua/neo-tree/setup/init.lua:310: Vim(quit):E37: No write since last change
[ERROR Fri Apr 28 12:19:59 2023] ...re/nvim/lazy/neo-tree.nvim/lua/neo-tree/events/queue.lua:83: Error in event handler for event vim_win_enter[neo-tree-win-enter]: ...hare/nvim/lazy/neo-tree.nvim/lua/neo-tree/setup/init.lua:310: Vim(quit):E37: No write since last change
[ERROR Sun Apr 30 11:02:58 2023] ...y/neo-tree.nvim/lua/neo-tree/sources/common/commands.lua:723: Error opening file: Vim(edit):E37: No write since last change (add ! to override)
[ERROR Sun Apr 30 15:59:15 2023] ...re/nvim/lazy/neo-tree.nvim/lua/neo-tree/events/queue.lua:83: Error in event handler for event vim_win_enter[neo-tree-win-enter]: ...hare/nvim/lazy/neo-tree.nvim/lua/neo-tree/setup/init.lua:310: Vim(quit):E37: No write since last change
[INFO  Mon May  1 10:34:34 2023] ....nvim/lua/neo-tree/sources/filesystem/lib/fs_actions.lua:479: Deleted directory  /Users/devel/Documents/WebProjects/comic-studio/node_modules
[INFO  Mon May  1 11:04:24 2023] ....nvim/lua/neo-tree/sources/filesystem/lib/fs_actions.lua:479: Deleted directory  /Users/devel/Documents/WebProjects/comic-studio/node_modules
[INFO  Mon May  1 11:16:20 2023] ....nvim/lua/neo-tree/sources/filesystem/lib/fs_actions.lua:479: Deleted directory  /Users/devel/Documents/WebProjects/comic-studio/node_modules
[ERROR Mon May  1 11:18:22 2023] ...cal/share/nvim/lazy/neo-tree.nvim/lua/neo-tree/utils.lua:123: debounce  neo-tree-follow  error:  ...el/.local/share/nvim/lazy/nui.nvim/lua/nui/tree/init.lua:254: Expected Lua number
[ERROR Tue May  2 14:41:10 2023] ...re/nvim/lazy/neo-tree.nvim/lua/neo-tree/events/queue.lua:83: Error in event handler for event vim_win_enter[neo-tree-win-enter]: ...hare/nvim/lazy/neo-tree.nvim/lua/neo-tree/setup/init.lua:310: Vim(quit):E37: No write since last change
[ERROR Tue May  2 14:46:17 2023] ...re/nvim/lazy/neo-tree.nvim/lua/neo-tree/events/queue.lua:83: Error in event handler for event vim_win_enter[neo-tree-win-enter]: ...hare/nvim/lazy/neo-tree.nvim/lua/neo-tree/setup/init.lua:310: Vim(quit):E37: No write since last change
[ERROR Tue May  2 21:15:08 2023] ...re/nvim/lazy/neo-tree.nvim/lua/neo-tree/events/queue.lua:83: Error in event handler for event vim_win_enter[neo-tree-win-enter]: ...hare/nvim/lazy/neo-tree.nvim/lua/neo-tree/setup/init.lua:310: Vim(quit):E37: No write since last change
[ERROR Wed May  3 15:09:15 2023] ...ree.nvim/lua/neo-tree/sources/filesystem/lib/fs_scan.lua:253: /Users/devel/Documents/WebProjects/comic-sagemaker-vcs/code :  ENOENT: no such file or directory: /Users/devel/Documents/WebProjects/comic-sagemaker-vcs/code
[ERROR Wed May  3 15:09:17 2023] ...ree.nvim/lua/neo-tree/sources/filesystem/lib/fs_scan.lua:253: /Users/devel/Documents/WebProjects/comic-sagemaker-vcs/code :  ENOENT: no such file or directory: /Users/devel/Documents/WebProjects/comic-sagemaker-vcs/code
[ERROR Wed May  3 15:09:18 2023] ...ree.nvim/lua/neo-tree/sources/filesystem/lib/fs_scan.lua:253: /Users/devel/Documents/WebProjects/comic-sagemaker-vcs/code :  ENOENT: no such file or directory: /Users/devel/Documents/WebProjects/comic-sagemaker-vcs/code
[ERROR Wed May  3 15:09:18 2023] ...ree.nvim/lua/neo-tree/sources/filesystem/lib/fs_scan.lua:253: /Users/devel/Documents/WebProjects/comic-sagemaker-vcs/code/data :  ENOENT: no such file or directory: /Users/devel/Documents/WebProjects/comic-sagemaker-vcs/code/data
[INFO  Wed May  3 15:14:11 2023] ....nvim/lua/neo-tree/sources/filesystem/lib/fs_actions.lua:479: Deleted directory  /Users/devel/Documents/WebProjects/comic-sagemaker-vcs/code/.ipynb_checkpoints
[INFO  Wed May  3 15:14:28 2023] ...y/neo-tree.nvim/lua/neo-tree/sources/common/commands.lua:214: Copied .ipynb_checkpoints to clipboard
[INFO  Wed May  3 15:14:38 2023] ...y/neo-tree.nvim/lua/neo-tree/sources/common/commands.lua:214: Copied .ipynb_checkpoints to clipboard
[INFO  Wed May  3 15:14:44 2023] ...y/neo-tree.nvim/lua/neo-tree/sources/common/commands.lua:214: Copied data to clipboard
[INFO  Wed May  3 15:14:44 2023] ...y/neo-tree.nvim/lua/neo-tree/sources/common/commands.lua:214: Copied .ipynb_checkpoints to clipboard
[INFO  Wed May  3 15:14:44 2023] ...y/neo-tree.nvim/lua/neo-tree/sources/common/commands.lua:214: Copied dataAccessor.py to clipboard
[INFO  Wed May  3 15:17:12 2023] ....nvim/lua/neo-tree/sources/filesystem/lib/fs_actions.lua:479: Deleted directory  /Users/devel/Documents/WebProjects/comic-sagemaker-vcs/code/tmp
[INFO  Thu May  4 11:46:47 2023] ....nvim/lua/neo-tree/sources/filesystem/lib/fs_actions.lua:560: Renamed deployment.ipynb successfully
[INFO  Sat May  6 14:12:26 2023] ...y/neo-tree.nvim/lua/neo-tree/sources/common/commands.lua:214: Copied models to clipboard
[INFO  Sat May  6 14:12:37 2023] ....nvim/lua/neo-tree/sources/filesystem/lib/fs_actions.lua:479: Deleted directory  /Users/devel/Documents/WebProjects/comic-sagemaker-vcs/code/models
[ERROR Sun May  7 12:04:23 2023] ...re/nvim/lazy/neo-tree.nvim/lua/neo-tree/events/queue.lua:83: Error in event handler for event vim_win_enter[neo-tree-win-enter]: ...hare/nvim/lazy/neo-tree.nvim/lua/neo-tree/setup/init.lua:310: Vim(quit):E37: No write since last change
[ERROR Sun May  7 12:04:24 2023] ...re/nvim/lazy/neo-tree.nvim/lua/neo-tree/events/queue.lua:83: Error in event handler for event vim_win_enter[neo-tree-win-enter]: ...hare/nvim/lazy/neo-tree.nvim/lua/neo-tree/setup/init.lua:310: Vim(quit):E37: No write since last change
[ERROR Sun May  7 12:04:25 2023] ...re/nvim/lazy/neo-tree.nvim/lua/neo-tree/events/queue.lua:83: Error in event handler for event vim_win_enter[neo-tree-win-enter]: ...hare/nvim/lazy/neo-tree.nvim/lua/neo-tree/setup/init.lua:310: Vim(quit):E37: No write since last change
[ERROR Sun May  7 12:04:26 2023] ...re/nvim/lazy/neo-tree.nvim/lua/neo-tree/events/queue.lua:83: Error in event handler for event vim_win_enter[neo-tree-win-enter]: ...hare/nvim/lazy/neo-tree.nvim/lua/neo-tree/setup/init.lua:310: Vim(quit):E37: No write since last change
[ERROR Sun May  7 12:04:31 2023] ...re/nvim/lazy/neo-tree.nvim/lua/neo-tree/events/queue.lua:83: Error in event handler for event vim_win_enter[neo-tree-win-enter]: ...hare/nvim/lazy/neo-tree.nvim/lua/neo-tree/setup/init.lua:310: Vim(quit):E37: No write since last change
[INFO  Sun May  7 13:20:52 2023] ....nvim/lua/neo-tree/sources/filesystem/lib/fs_actions.lua:479: Deleted directory  /Users/devel/Documents/WebProjects/comic-sagemaker-vcs/.idea
[ERROR Sun May  7 15:08:50 2023] ...re/nvim/lazy/neo-tree.nvim/lua/neo-tree/events/queue.lua:83: Error in event handler for event vim_win_enter[neo-tree-win-enter]: ...hare/nvim/lazy/neo-tree.nvim/lua/neo-tree/setup/init.lua:310: Vim(quit):E37: No write since last change
[ERROR Sun May  7 15:08:52 2023] ...re/nvim/lazy/neo-tree.nvim/lua/neo-tree/events/queue.lua:83: Error in event handler for event vim_win_enter[neo-tree-win-enter]: ...hare/nvim/lazy/neo-tree.nvim/lua/neo-tree/setup/init.lua:310: Vim(quit):E37: No write since last change
[ERROR Wed May 10 09:58:07 2023] ...cal/share/nvim/lazy/neo-tree.nvim/lua/neo-tree/utils.lua:123: debounce  neo-tree-follow  error:  ...el/.local/share/nvim/lazy/nui.nvim/lua/nui/tree/init.lua:254: Expected Lua number
[ERROR Wed May 10 09:58:09 2023] ...cal/share/nvim/lazy/neo-tree.nvim/lua/neo-tree/utils.lua:123: debounce  neo-tree-follow  error:  ...el/.local/share/nvim/lazy/nui.nvim/lua/nui/tree/init.lua:254: Expected Lua number
[ERROR Wed May 10 09:58:09 2023] ...cal/share/nvim/lazy/neo-tree.nvim/lua/neo-tree/utils.lua:123: debounce  neo-tree-follow  error:  ...el/.local/share/nvim/lazy/nui.nvim/lua/nui/tree/init.lua:254: Expected Lua number
[ERROR Wed May 10 09:58:09 2023] ...cal/share/nvim/lazy/neo-tree.nvim/lua/neo-tree/utils.lua:123: debounce  neo-tree-follow  error:  ...el/.local/share/nvim/lazy/nui.nvim/lua/nui/tree/init.lua:254: Expected Lua number
[ERROR Wed May 10 09:58:09 2023] ...cal/share/nvim/lazy/neo-tree.nvim/lua/neo-tree/utils.lua:123: debounce  neo-tree-follow  error:  ...el/.local/share/nvim/lazy/nui.nvim/lua/nui/tree/init.lua:254: Expected Lua number
[ERROR Wed May 10 09:58:09 2023] ...cal/share/nvim/lazy/neo-tree.nvim/lua/neo-tree/utils.lua:123: debounce  neo-tree-follow  error:  ...el/.local/share/nvim/lazy/nui.nvim/lua/nui/tree/init.lua:254: Expected Lua number
[ERROR Wed May 10 22:20:10 2023] ...re/nvim/lazy/neo-tree.nvim/lua/neo-tree/events/queue.lua:83: Error in event handler for event vim_win_enter[neo-tree-win-enter]: ...hare/nvim/lazy/neo-tree.nvim/lua/neo-tree/setup/init.lua:310: Vim(quit):E37: No write since last change
[ERROR Wed May 10 22:20:12 2023] ...re/nvim/lazy/neo-tree.nvim/lua/neo-tree/events/queue.lua:83: Error in event handler for event vim_win_enter[neo-tree-win-enter]: ...hare/nvim/lazy/neo-tree.nvim/lua/neo-tree/setup/init.lua:310: Vim(quit):E37: No write since last change
[INFO  Fri May 12 19:46:44 2023] ....nvim/lua/neo-tree/sources/filesystem/lib/fs_actions.lua:560: Renamed pipelines/controlnets.py successfully
[INFO  Fri May 12 19:46:58 2023] ....nvim/lua/neo-tree/sources/filesystem/lib/fs_actions.lua:560: Renamed ../controlnets.py successfully
[INFO  Sat May 13 14:30:27 2023] ....nvim/lua/neo-tree/sources/filesystem/lib/fs_actions.lua:479: Deleted directory  /Users/devel/Documents/WebProjects/comic-studio/src/views/Dashboard/v2
[ERROR Sat May 13 15:32:54 2023] ...re/nvim/lazy/neo-tree.nvim/lua/neo-tree/events/queue.lua:83: Error in event handler for event vim_win_enter[neo-tree-win-enter]: ...hare/nvim/lazy/neo-tree.nvim/lua/neo-tree/setup/init.lua:310: Vim(quit):E37: No write since last change
[ERROR Sat May 13 15:32:55 2023] ...re/nvim/lazy/neo-tree.nvim/lua/neo-tree/events/queue.lua:83: Error in event handler for event vim_win_enter[neo-tree-win-enter]: ...hare/nvim/lazy/neo-tree.nvim/lua/neo-tree/setup/init.lua:310: Vim(quit):E37: No write since last change
[ERROR Sat May 13 15:32:56 2023] ...re/nvim/lazy/neo-tree.nvim/lua/neo-tree/events/queue.lua:83: Error in event handler for event vim_win_enter[neo-tree-win-enter]: ...hare/nvim/lazy/neo-tree.nvim/lua/neo-tree/setup/init.lua:310: Vim(quit):E37: No write since last change
[ERROR Sat May 13 21:28:28 2023] ...cal/share/nvim/lazy/neo-tree.nvim/lua/neo-tree/utils.lua:123: debounce  filesystem_navigate  error:  ...el/.local/share/nvim/lazy/nui.nvim/lua/nui/tree/init.lua:254: Expected Lua number
[ERROR Sat May 13 21:28:28 2023] ...cal/share/nvim/lazy/neo-tree.nvim/lua/neo-tree/utils.lua:123: debounce  filesystem_navigate  error:  ...el/.local/share/nvim/lazy/nui.nvim/lua/nui/tree/init.lua:254: Expected Lua number
[ERROR Sat May 13 22:06:48 2023] ...cal/share/nvim/lazy/neo-tree.nvim/lua/neo-tree/utils.lua:617: Error opening file: Vim(buffer):E325: ATTENTION
[ERROR Tue May 16 17:30:47 2023] ...re/nvim/lazy/neo-tree.nvim/lua/neo-tree/events/queue.lua:83: Error in event handler for event vim_win_enter[neo-tree-win-enter]: ...hare/nvim/lazy/neo-tree.nvim/lua/neo-tree/setup/init.lua:310: Vim(quit):E37: No write since last change
[ERROR Wed May 17 11:11:53 2023] ...ree.nvim/lua/neo-tree/sources/filesystem/lib/fs_scan.lua:253: /Users/devel/Documents/WebProjects/comic-cronus/76 :  ENOENT: no such file or directory: /Users/devel/Documents/WebProjects/comic-cronus/76
[ERROR Wed May 17 11:12:52 2023] ...ree.nvim/lua/neo-tree/sources/filesystem/lib/fs_scan.lua:253: /Users/devel/Documents/WebProjects/comic-cronus/109 :  ENOENT: no such file or directory: /Users/devel/Documents/WebProjects/comic-cronus/109
[ERROR Wed May 17 11:15:34 2023] ...ree.nvim/lua/neo-tree/sources/filesystem/lib/fs_scan.lua:253: /Users/devel/Documents/WebProjects/comic-cronus/122 :  ENOENT: no such file or directory: /Users/devel/Documents/WebProjects/comic-cronus/122
[ERROR Wed May 17 11:17:19 2023] ...ree.nvim/lua/neo-tree/sources/filesystem/lib/fs_scan.lua:253: /Users/devel/Documents/WebProjects/comic-cronus/137 :  ENOENT: no such file or directory: /Users/devel/Documents/WebProjects/comic-cronus/137
[ERROR Wed May 17 11:17:52 2023] ...ree.nvim/lua/neo-tree/sources/filesystem/lib/fs_scan.lua:253: /Users/devel/Documents/WebProjects/comic-cronus/145 :  ENOENT: no such file or directory: /Users/devel/Documents/WebProjects/comic-cronus/145
[ERROR Thu May 18 14:43:47 2023] ...re/nvim/lazy/neo-tree.nvim/lua/neo-tree/events/queue.lua:83: Error in event handler for event git_status_changed[filesystem.git_status_changed]: ...l/.local/share/nvim/lazy/nui.nvim/lua/nui/utils/init.lua:129: Invalid buffer id: 155
[ERROR Thu May 18 14:43:47 2023] ...cal/share/nvim/lazy/neo-tree.nvim/lua/neo-tree/utils.lua:123: debounce  neo-tree-follow  error:  ...el/.local/share/nvim/lazy/nui.nvim/lua/nui/tree/init.lua:254: Expected Lua number
[ERROR Thu May 18 14:43:48 2023] ...re/nvim/lazy/neo-tree.nvim/lua/neo-tree/events/queue.lua:83: Error in event handler for event git_status_changed[filesystem.git_status_changed]: ...l/.local/share/nvim/lazy/nui.nvim/lua/nui/utils/init.lua:129: Invalid buffer id: 155
[ERROR Thu May 18 14:56:57 2023] ...re/nvim/lazy/neo-tree.nvim/lua/neo-tree/events/queue.lua:83: Error in event handler for event git_status_changed[filesystem.git_status_changed]: ...l/.local/share/nvim/lazy/nui.nvim/lua/nui/utils/init.lua:129: Invalid buffer id: 155
[ERROR Thu May 18 14:57:01 2023] ...re/nvim/lazy/neo-tree.nvim/lua/neo-tree/events/queue.lua:83: Error in event handler for event git_status_changed[filesystem.git_status_changed]: ...l/.local/share/nvim/lazy/nui.nvim/lua/nui/utils/init.lua:129: Invalid buffer id: 155
[ERROR Thu May 18 14:57:08 2023] ...re/nvim/lazy/neo-tree.nvim/lua/neo-tree/events/queue.lua:83: Error in event handler for event vim_buffer_added[filesystem.vim_buffer_added]: ...l/.local/share/nvim/lazy/nui.nvim/lua/nui/utils/init.lua:129: Invalid buffer id: 155
[ERROR Thu May 18 14:57:08 2023] ...re/nvim/lazy/neo-tree.nvim/lua/neo-tree/events/queue.lua:83: Error in event handler for event vim_buffer_deleted[filesystem.vim_buffer_deleted]: ...l/.local/share/nvim/lazy/nui.nvim/lua/nui/utils/init.lua:129: Invalid buffer id: 155
